[2021-07-23T10:19:07.642] [INFO] info - ***数据库连接成功***
[2021-07-23T10:20:42.030] [INFO] info - ***数据库连接成功***
[2021-07-23T10:20:47.700] [INFO] info - get params:{}
[2021-07-23T10:20:47.700] [INFO] info - post params:{"userName":"admin","userPwd":123}
[2021-07-23T10:20:48.678] [INFO] info - get params:{}
[2021-07-23T10:20:48.678] [INFO] info - post params:{"userName":"admin","userPwd":123}
[2021-07-23T10:20:49.564] [INFO] info - get params:{}
[2021-07-23T10:20:49.564] [INFO] info - post params:{"userName":"admin","userPwd":123}
[2021-07-23T10:20:50.214] [INFO] info - get params:{}
[2021-07-23T10:20:50.215] [INFO] info - post params:{"userName":"admin","userPwd":123}
[2021-07-23T10:21:17.949] [INFO] info - ***数据库连接成功***
[2021-07-23T10:21:18.296] [INFO] info - get params:{}
[2021-07-23T10:21:18.297] [INFO] info - post params:{"userName":"admin","userPwd":123}
[2021-07-23T10:21:28.470] [INFO] info - ***数据库连接成功***
[2021-07-23T10:21:38.507] [INFO] info - ***数据库连接成功***
[2021-07-23T10:21:44.327] [INFO] info - get params:{}
[2021-07-23T10:21:44.327] [INFO] info - post params:{"userName":"admin","userPwd":123}
[2021-07-23T10:21:52.114] [INFO] info - ***数据库连接成功***
[2021-07-23T10:21:52.586] [INFO] info - get params:{}
[2021-07-23T10:21:52.586] [INFO] info - post params:{"userName":"admin","userPwd":123}
[2021-07-23T10:21:57.988] [INFO] info - get params:{}
[2021-07-23T10:21:57.988] [INFO] info - post params:{"userName":"admin","userPwd":123}
[2021-07-23T10:21:58.992] [INFO] info - get params:{}
[2021-07-23T10:21:58.993] [INFO] info - post params:{"userName":"admin","userPwd":123}
[2021-07-23T10:22:44.186] [INFO] info - ***数据库连接成功***
[2021-07-23T10:22:46.547] [INFO] info - get params:{}
[2021-07-23T10:22:46.548] [INFO] info - post params:{"userName":"admin","userPwd":123}
[2021-07-23T10:22:58.242] [INFO] info - get params:{}
[2021-07-23T10:22:58.242] [INFO] info - post params:{"userName":"admin","userPwd":123}
[2021-07-23T10:23:12.620] [INFO] info - get params:{}
[2021-07-23T10:23:12.621] [INFO] info - post params:{"userName":"admin","userPwd":123}
[2021-07-23T10:23:23.812] [INFO] info - get params:{}
[2021-07-23T10:23:23.813] [INFO] info - post params:{"userName":"admin","userPwd":123}
[2021-07-23T10:23:52.514] [INFO] info - ***数据库连接成功***
[2021-07-23T10:24:16.066] [INFO] info - get params:{}
[2021-07-23T10:24:16.066] [INFO] info - post params:{"userName":"admin","userPwd":123}
[2021-07-23T10:25:38.583] [INFO] info - ***数据库连接成功***
[2021-07-23T10:25:39.341] [INFO] info - get params:{}
[2021-07-23T10:25:39.342] [INFO] info - post params:{"userName":"admin","userPwd":123}
[2021-07-23T10:25:55.980] [INFO] info - ***数据库连接成功***
[2021-07-23T10:25:57.481] [INFO] info - get params:{}
[2021-07-23T10:25:57.481] [INFO] info - post params:{"userName":"admin","userPwd":123}
[2021-07-23T10:26:25.936] [INFO] info - ***数据库连接成功***
[2021-07-23T10:26:29.419] [INFO] info - get params:{}
[2021-07-23T10:26:29.420] [INFO] info - post params:{"userName":"admin","userPwd":123}
[2021-07-23T10:27:00.414] [INFO] info - ***数据库连接成功***
[2021-07-23T10:27:03.483] [INFO] info - get params:{}
[2021-07-23T10:27:03.484] [INFO] info - post params:{"userName":"admin","userPwd":123}
[2021-07-23T10:27:11.764] [INFO] info - ***数据库连接成功***
[2021-07-23T10:27:14.334] [INFO] info - get params:{}
[2021-07-23T10:27:14.334] [INFO] info - post params:{"userName":"admin","userPwd":123}
[2021-07-23T10:29:51.924] [INFO] info - get params:{}
[2021-07-23T10:29:51.924] [INFO] info - post params:{}
[2021-07-23T10:29:51.930] [INFO] info - get params:{}
[2021-07-23T10:29:51.930] [INFO] info - post params:{}
[2021-07-23T10:30:08.402] [INFO] info - get params:{}
[2021-07-23T10:30:08.403] [INFO] info - post params:{"userName":111,"userPwd":111}
[2021-07-23T10:30:17.561] [INFO] info - get params:{}
[2021-07-23T10:30:17.562] [INFO] info - post params:{"userName":"admin","userPwd":321}
[2021-07-23T10:30:28.433] [INFO] info - get params:{}
[2021-07-23T10:30:28.434] [INFO] info - post params:{"userName":"admin","userPwd":123}
[2021-07-23T10:30:38.814] [INFO] info - get params:{}
[2021-07-23T10:30:38.814] [INFO] info - post params:{}
[2021-07-23T10:30:39.122] [INFO] info - get params:{}
[2021-07-23T10:30:39.123] [INFO] info - post params:{}
[2021-07-23T10:32:14.295] [INFO] info - ***数据库连接成功***
[2021-07-23T10:32:24.457] [INFO] info - ***数据库连接成功***
[2021-07-23T10:32:28.749] [INFO] info - get params:{}
[2021-07-23T10:32:28.750] [INFO] info - post params:{"userName":"admin","userPwd":123}
[2021-07-23T10:32:46.482] [INFO] info - get params:{}
[2021-07-23T10:32:46.482] [INFO] info - post params:{}
[2021-07-23T10:32:46.491] [INFO] info - get params:{}
[2021-07-23T10:32:46.491] [INFO] info - post params:{}
[2021-07-23T10:32:52.326] [INFO] info - get params:{}
[2021-07-23T10:32:52.327] [INFO] info - post params:{}
[2021-07-23T10:32:52.332] [INFO] info - get params:{}
[2021-07-23T10:32:52.332] [INFO] info - post params:{}
[2021-07-23T10:33:06.914] [INFO] info - get params:{}
[2021-07-23T10:33:06.914] [INFO] info - post params:{"userName":"admin","userPwd":123}
[2021-07-23T10:33:07.031] [INFO] info - get params:{}
[2021-07-23T10:33:07.031] [INFO] info - post params:{}
[2021-07-23T10:33:07.341] [INFO] info - get params:{}
[2021-07-23T10:33:07.342] [INFO] info - post params:{}
[2021-07-23T10:36:23.060] [INFO] info - ***数据库连接成功***
[2021-07-23T10:38:32.031] [INFO] info - ***数据库连接成功***
[2021-07-23T10:38:52.933] [INFO] info - get params:{}
[2021-07-23T10:38:52.934] [INFO] info - post params:{}
[2021-07-23T10:38:52.956] [INFO] info - get params:{}
[2021-07-23T10:38:52.957] [INFO] info - post params:{}
[2021-07-23T10:57:51.700] [INFO] info - ***数据库连接成功***
[2021-07-23T10:57:53.907] [INFO] info - get params:{}
[2021-07-23T10:57:53.908] [INFO] info - post params:{"userName":"admin","userPwd":123}
[2021-07-23T10:58:12.758] [INFO] info - get params:{}
[2021-07-23T10:58:12.760] [INFO] info - post params:{}
[2021-07-23T10:58:12.769] [INFO] info - get params:{}
[2021-07-23T10:58:12.769] [INFO] info - post params:{}
[2021-07-23T10:59:23.087] [INFO] info - ***数据库连接成功***
[2021-07-23T10:59:23.529] [INFO] info - get params:{}
[2021-07-23T10:59:23.530] [INFO] info - post params:{"userName":"admin","userPwd":123}
[2021-07-23T10:59:37.881] [INFO] info - ***数据库连接成功***
[2021-07-23T10:59:40.349] [INFO] info - get params:{}
[2021-07-23T10:59:40.350] [INFO] info - post params:{"userName":"admin","userPwd":123}
[2021-07-23T11:00:17.963] [INFO] info - ***数据库连接成功***
[2021-07-23T11:00:19.162] [INFO] info - get params:{}
[2021-07-23T11:00:19.163] [INFO] info - post params:{"userName":"admin","userPwd":123}
[2021-07-23T11:00:33.402] [INFO] info - ***数据库连接成功***
[2021-07-23T11:00:43.058] [INFO] info - ***数据库连接成功***
[2021-07-23T11:00:50.443] [INFO] info - get params:{}
[2021-07-23T11:00:50.443] [INFO] info - post params:{"userName":"admin","userPwd":123}
[2021-07-23T11:01:23.426] [INFO] info - ***数据库连接成功***
[2021-07-23T11:01:36.839] [INFO] info - ***数据库连接成功***
[2021-07-23T11:01:41.013] [INFO] info - get params:{}
[2021-07-23T11:01:41.014] [INFO] info - post params:{"userName":"admin","userPwd":123}
[2021-07-23T11:01:42.690] [INFO] info - get params:{}
[2021-07-23T11:01:42.691] [INFO] info - post params:{"userName":"admin","userPwd":123}
[2021-07-23T11:01:43.759] [INFO] info - get params:{}
[2021-07-23T11:01:43.760] [INFO] info - post params:{"userName":"admin","userPwd":123}
[2021-07-23T11:01:44.540] [INFO] info - get params:{}
[2021-07-23T11:01:44.541] [INFO] info - post params:{"userName":"admin","userPwd":123}
[2021-07-23T11:01:45.261] [INFO] info - get params:{}
[2021-07-23T11:01:45.261] [INFO] info - post params:{"userName":"admin","userPwd":123}
[2021-07-23T11:02:01.446] [INFO] info - ***数据库连接成功***
[2021-07-23T11:02:02.802] [INFO] info - get params:{}
[2021-07-23T11:02:02.802] [INFO] info - post params:{"userName":"admin","userPwd":123}
[2021-07-23T11:02:25.484] [INFO] info - ***数据库连接成功***
[2021-07-23T11:02:26.808] [INFO] info - get params:{}
[2021-07-23T11:02:26.809] [INFO] info - post params:{"userName":"admin","userPwd":123}
[2021-07-23T11:02:27.760] [INFO] info - get params:{}
[2021-07-23T11:02:27.760] [INFO] info - post params:{"userName":"admin","userPwd":123}
[2021-07-23T11:02:28.535] [INFO] info - get params:{}
[2021-07-23T11:02:28.535] [INFO] info - post params:{"userName":"admin","userPwd":123}
[2021-07-23T11:02:30.951] [INFO] info - get params:{}
[2021-07-23T11:02:30.951] [INFO] info - post params:{"userName":"admin","userPwd":123}
[2021-07-23T11:02:51.184] [INFO] info - ***数据库连接成功***
[2021-07-23T11:04:02.702] [INFO] info - ***数据库连接成功***
[2021-07-23T11:04:05.367] [INFO] info - get params:{}
[2021-07-23T11:04:05.368] [INFO] info - post params:{"userName":"admin","userPwd":123}
[2021-07-23T11:04:06.580] [INFO] info - get params:{}
[2021-07-23T11:04:06.580] [INFO] info - post params:{"userName":"admin","userPwd":123}
[2021-07-23T11:04:07.422] [INFO] info - get params:{}
[2021-07-23T11:04:07.423] [INFO] info - post params:{"userName":"admin","userPwd":123}
[2021-07-23T11:04:55.051] [INFO] info - ***数据库连接成功***
[2021-07-23T11:04:59.567] [INFO] info - get params:{}
[2021-07-23T11:04:59.567] [INFO] info - post params:{"userName":"admin","userPwd":123}
[2021-07-23T11:05:39.132] [INFO] info - ***数据库连接成功***
[2021-07-23T11:05:42.839] [INFO] info - get params:{}
[2021-07-23T11:05:42.840] [INFO] info - post params:{"userName":"admin","userPwd":123}
[2021-07-23T11:06:49.731] [INFO] info - get params:{}
[2021-07-23T11:06:49.731] [INFO] info - post params:{}
[2021-07-23T11:06:49.737] [INFO] info - get params:{}
[2021-07-23T11:06:49.738] [INFO] info - post params:{}
[2021-07-23T11:09:33.905] [INFO] info - ***数据库连接成功***
[2021-07-23T11:14:24.657] [INFO] info - ***数据库连接成功***
[2021-07-23T11:16:28.547] [INFO] info - ***数据库连接成功***
[2021-07-23T11:18:36.399] [INFO] info - ***数据库连接成功***
[2021-07-23T11:18:43.958] [INFO] info - get params:{}
[2021-07-23T11:18:43.958] [INFO] info - post params:{"userName":"admin","userPwd":123}
[2021-07-23T11:18:46.831] [INFO] info - get params:{}
[2021-07-23T11:18:46.832] [INFO] info - post params:{"userName":"admin","userPwd":123}
[2021-07-23T11:18:48.633] [INFO] info - get params:{}
[2021-07-23T11:18:48.633] [INFO] info - post params:{"userName":"admin","userPwd":123}
[2021-07-23T11:19:00.314] [INFO] info - ***数据库连接成功***
[2021-07-23T11:19:00.348] [INFO] info - get params:{}
[2021-07-23T11:19:00.348] [INFO] info - post params:{"userName":"admin","userPwd":123}
[2021-07-23T11:25:20.094] [INFO] info - ***数据库连接成功***
[2021-07-23T11:25:22.414] [INFO] info - get params:{}
[2021-07-23T11:25:22.415] [INFO] info - post params:{"userName":"admin","userPwd":123}
[2021-07-23T11:25:41.753] [INFO] info - ***数据库连接成功***
[2021-07-23T11:25:41.885] [INFO] info - get params:{}
[2021-07-23T11:25:41.885] [INFO] info - post params:{"userName":"admin","userPwd":123}
[2021-07-23T11:26:25.152] [INFO] info - ***数据库连接成功***
[2021-07-23T11:26:26.017] [INFO] info - get params:{}
[2021-07-23T11:26:26.017] [INFO] info - post params:{"userName":"admin","userPwd":123}
[2021-07-23T11:26:50.760] [INFO] info - ***数据库连接成功***
[2021-07-23T11:27:08.008] [INFO] info - ***数据库连接成功***
[2021-07-23T11:27:22.802] [INFO] info - ***数据库连接成功***
[2021-07-23T11:27:25.819] [INFO] info - get params:{}
[2021-07-23T11:27:25.819] [INFO] info - post params:{"userName":"admin","userPwd":123}
[2021-07-23T11:28:11.766] [INFO] info - ***数据库连接成功***
[2021-07-23T11:28:11.882] [INFO] info - get params:{}
[2021-07-23T11:28:11.883] [INFO] info - post params:{"userName":"admin","userPwd":123}
[2021-07-23T11:30:39.573] [INFO] info - ***数据库连接成功***
[2021-07-23T13:09:59.404] [INFO] info - get params:{}
[2021-07-23T13:09:59.405] [INFO] info - post params:{}
[2021-07-23T13:09:59.425] [INFO] info - get params:{}
[2021-07-23T13:09:59.429] [INFO] info - post params:{}
[2021-07-23T13:10:00.043] [INFO] info - ***数据库连接成功***
[2021-07-23T13:14:04.573] [INFO] info - ***数据库连接成功***
[2021-07-23T13:14:05.543] [INFO] info - get params:{}
[2021-07-23T13:14:05.544] [INFO] info - post params:{"userName":"admin","userPwd":123}
[2021-07-23T13:14:29.073] [INFO] info - ***数据库连接成功***
[2021-07-23T13:14:31.720] [INFO] info - get params:{}
[2021-07-23T13:14:31.720] [INFO] info - post params:{"userName":"admin","userPwd":123}
[2021-07-23T13:14:39.290] [INFO] info - ***数据库连接成功***
[2021-07-23T13:14:39.521] [INFO] info - get params:{}
[2021-07-23T13:14:39.522] [INFO] info - post params:{"userName":"admin","userPwd":123}
[2021-07-23T13:14:56.083] [INFO] info - ***数据库连接成功***
[2021-07-23T13:14:56.571] [INFO] info - get params:{}
[2021-07-23T13:14:56.571] [INFO] info - post params:{"userName":"admin","userPwd":123}
[2021-07-23T13:14:57.853] [INFO] info - get params:{}
[2021-07-23T13:14:57.854] [INFO] info - post params:{"userName":"admin","userPwd":123}
[2021-07-23T13:15:10.215] [INFO] info - ***数据库连接成功***
[2021-07-23T13:15:11.106] [INFO] info - get params:{}
[2021-07-23T13:15:11.107] [INFO] info - post params:{"userName":"admin","userPwd":123}
[2021-07-23T13:15:36.899] [INFO] info - ***数据库连接成功***
[2021-07-23T13:16:57.715] [INFO] info - ***数据库连接成功***
[2021-07-23T13:17:00.579] [INFO] info - ***数据库连接成功***
[2021-07-23T13:17:02.415] [INFO] info - get params:{}
[2021-07-23T13:17:02.415] [INFO] info - post params:{"userName":"admin","userPwd":123}
[2021-07-23T13:17:36.767] [INFO] info - ***数据库连接成功***
[2021-07-23T13:18:10.936] [INFO] info - ***数据库连接成功***
[2021-07-23T13:18:16.693] [INFO] info - get params:{}
[2021-07-23T13:18:16.694] [INFO] info - post params:{"userName":"admin","userPwd":123}
[2021-07-23T13:19:03.414] [INFO] info - ***数据库连接成功***
[2021-07-23T13:19:14.122] [INFO] info - ***数据库连接成功***
[2021-07-23T13:21:16.041] [INFO] info - ***数据库连接成功***
[2021-07-23T13:34:33.873] [INFO] info - get params:{}
[2021-07-23T13:34:33.874] [INFO] info - post params:{}
[2021-07-23T13:34:33.943] [INFO] info - get params:{}
[2021-07-23T13:34:33.944] [INFO] info - post params:{}
[2021-07-23T15:47:47.374] [INFO] info - get params:{}
[2021-07-23T15:47:47.375] [INFO] info - post params:{"userName":"admin","userPwd":123}
[2021-07-25T08:59:14.354] [INFO] info - ***数据库连接成功***
[2021-07-25T09:24:39.585] [INFO] info - get params:{}
[2021-07-25T09:24:39.586] [INFO] info - post params:{"userName":"admin","userPwd":123}
[2021-07-25T09:26:31.748] [INFO] info - get params:{}
[2021-07-25T09:26:31.749] [INFO] info - post params:{"userName":"admin","userPwd":321}
[2021-07-25T09:26:40.307] [INFO] info - get params:{}
[2021-07-25T09:26:40.307] [INFO] info - post params:{"userName":"admin","userPwd":123}
[2021-07-25T09:28:51.213] [INFO] info - get params:{}
[2021-07-25T09:28:51.213] [INFO] info - post params:{"userName":"admin","userPwd":321}
[2021-07-25T09:29:51.145] [INFO] info - ***数据库连接成功***
[2021-07-25T09:30:36.355] [INFO] info - ***数据库连接成功***
[2021-07-25T09:30:42.135] [INFO] info - get params:{}
[2021-07-25T09:30:42.136] [INFO] info - post params:{"userName":"admin","userPwd":321}
[2021-07-25T09:31:46.504] [INFO] info - ***数据库连接成功***
[2021-07-25T09:32:06.194] [INFO] info - ***数据库连接成功***
[2021-07-25T09:32:33.963] [INFO] info - ***数据库连接成功***
[2021-07-25T09:32:37.445] [INFO] info - get params:{}
[2021-07-25T09:32:37.445] [INFO] info - post params:{"userName":"admin","userPwd":321}
[2021-07-25T09:32:53.432] [INFO] info - get params:{}
[2021-07-25T09:32:53.433] [INFO] info - post params:{"userName":"admin","userPwd":123}
[2021-07-26T20:48:50.435] [INFO] info - ***数据库连接成功***
[2021-07-26T21:05:51.952] [INFO] info - get params:{}
[2021-07-26T21:05:51.953] [INFO] info - post params:{}
[2021-07-26T21:06:45.284] [INFO] info - get params:{}
[2021-07-26T21:06:45.285] [INFO] info - post params:{"userName":"admin","userPwd":123}
[2021-07-26T21:06:46.849] [INFO] info - get params:{}
[2021-07-26T21:06:46.852] [INFO] info - post params:{"userName":"admin","userPwd":123}
[2021-07-26T21:06:49.123] [INFO] info - get params:{}
[2021-07-26T21:06:49.124] [INFO] info - post params:{"userName":"admin","userPwd":123}
[2021-07-26T21:07:00.479] [INFO] info - get params:{}
[2021-07-26T21:07:00.481] [INFO] info - post params:{"userName":"admin","userPwd":321}
[2021-07-26T21:07:01.815] [INFO] info - get params:{}
[2021-07-26T21:07:01.816] [INFO] info - post params:{"userName":"admin","userPwd":321}
[2021-07-26T21:07:12.602] [INFO] info - get params:{}
[2021-07-26T21:07:12.602] [INFO] info - post params:{"userName":"admin","userPwd":321}
[2021-07-26T21:11:16.963] [INFO] info - get params:{}
[2021-07-26T21:11:16.964] [INFO] info - post params:{"userName":"admin","userPwd":321}
[2021-07-26T21:11:49.137] [INFO] info - get params:{}
[2021-07-26T21:11:49.138] [INFO] info - post params:{"userName":"admin","userPwd":321}
[2021-07-26T21:11:50.621] [INFO] info - get params:{}
[2021-07-26T21:11:50.622] [INFO] info - post params:{"userName":"admin","userPwd":321}
[2021-07-26T21:11:51.872] [INFO] info - get params:{}
[2021-07-26T21:11:51.872] [INFO] info - post params:{"userName":"admin","userPwd":321}
[2021-07-26T21:11:58.488] [INFO] info - get params:{}
[2021-07-26T21:11:58.489] [INFO] info - post params:{"userName":"admin","userPwd":321}
[2021-07-26T21:12:30.572] [INFO] info - ***数据库连接成功***
[2021-07-26T21:12:31.977] [INFO] info - get params:{}
[2021-07-26T21:12:31.978] [INFO] info - post params:{"userName":"admin","userPwd":321}
[2021-07-26T21:12:33.113] [INFO] info - get params:{}
[2021-07-26T21:12:33.113] [INFO] info - post params:{"userName":"admin","userPwd":321}
[2021-07-26T21:15:38.970] [INFO] info - ***数据库连接成功***
[2021-07-26T21:15:41.150] [INFO] info - get params:{}
[2021-07-26T21:15:41.150] [INFO] info - post params:{"userName":"admin","userPwd":321}
[2021-07-26T21:15:42.449] [INFO] info - get params:{}
[2021-07-26T21:15:42.449] [INFO] info - post params:{"userName":"admin","userPwd":321}
[2021-07-26T21:15:43.448] [INFO] info - get params:{}
[2021-07-26T21:15:43.448] [INFO] info - post params:{"userName":"admin","userPwd":321}
[2021-07-26T21:15:44.239] [INFO] info - get params:{}
[2021-07-26T21:15:44.239] [INFO] info - post params:{"userName":"admin","userPwd":321}
[2021-07-26T21:55:06.418] [INFO] info - get params:{}
[2021-07-26T21:55:06.419] [INFO] info - post params:{"userName":"admin","userPwd":321}
[2021-07-26T21:55:12.128] [INFO] info - get params:{}
[2021-07-26T21:55:12.128] [INFO] info - post params:{"userName":"admin","userPwd":123}
[2021-07-26T21:56:05.322] [INFO] info - get params:{}
[2021-07-26T21:56:05.322] [INFO] info - post params:{"userName":"admin","userPwd":321}
[2021-07-26T21:56:15.895] [INFO] info - get params:{}
[2021-07-26T21:56:15.896] [INFO] info - post params:{"userName":"admin","userPwd":321}
[2021-07-26T21:56:23.552] [INFO] info - get params:{}
[2021-07-26T21:56:23.552] [INFO] info - post params:{"userName":"admin","userPwd":123}
[2021-07-26T21:56:28.152] [INFO] info - get params:{}
[2021-07-26T21:56:28.152] [INFO] info - post params:{"userName":"admin","userPwd":123}
[2021-07-26T22:00:06.269] [INFO] info - get params:{}
[2021-07-26T22:00:06.270] [INFO] info - post params:{"userName":"admin","userPwd":321}
[2021-07-26T22:00:13.341] [INFO] info - get params:{}
[2021-07-26T22:00:13.342] [INFO] info - post params:{"userName":"admin","userPwd":123}
[2021-07-26T22:04:05.084] [INFO] info - ***数据库连接成功***
[2021-07-26T22:09:47.243] [INFO] info - ***数据库连接成功***
[2021-07-26T22:19:33.804] [INFO] info - ***数据库连接成功***
[2021-07-30T14:35:34.588] [INFO] info - ***数据库连接成功***
[2021-07-30T14:36:12.080] [INFO] info - get params:{}
[2021-07-30T14:36:12.081] [INFO] info - post params:{"userName":"admin","userPwd":123}
[2021-07-30T14:36:35.264] [INFO] info - get params:{}
[2021-07-30T14:36:35.265] [INFO] info - post params:{"userName":"admin","userPwd":123}
[2021-07-30T14:36:47.170] [INFO] info - get params:{}
[2021-07-30T14:36:47.171] [INFO] info - post params:{"userName":"admin","userPwd":123}
[2021-07-30T14:37:17.850] [INFO] info - get params:{}
[2021-07-30T14:37:17.850] [INFO] info - post params:{}
[2021-07-30T14:37:43.375] [INFO] info - get params:{}
[2021-07-30T14:37:43.376] [INFO] info - post params:{}
[2021-07-30T14:38:07.045] [INFO] info - ***数据库连接成功***
[2021-07-30T14:38:07.106] [INFO] info - get params:{}
[2021-07-30T14:38:07.107] [INFO] info - post params:{}
[2021-07-30T14:38:14.476] [INFO] info - get params:{}
[2021-07-30T14:38:14.477] [INFO] info - post params:{}
[2021-07-30T14:39:22.111] [INFO] info - get params:{"pageNum":"1","pageSize":"10","state":"0"}
[2021-07-30T14:39:22.112] [INFO] info - post params:{}
[2021-07-30T14:40:50.782] [INFO] info - get params:{}
[2021-07-30T14:40:50.782] [INFO] info - post params:{"userName":"admin","userPwd":123}
[2021-07-30T14:40:56.981] [INFO] info - get params:{"pageNum":"1","pageSize":"10","state":"0"}
[2021-07-30T14:40:56.981] [INFO] info - post params:{}
[2021-07-30T14:45:15.214] [INFO] info - ***数据库连接成功***
[2021-07-30T15:23:25.021] [INFO] info - get params:{"pageNum":"1","pageSize":"10","state":"0"}
[2021-07-30T15:23:25.022] [INFO] info - post params:{}
[2021-07-30T15:23:28.093] [INFO] info - get params:{"pageNum":"1","pageSize":"10","state":"0"}
[2021-07-30T15:23:28.093] [INFO] info - post params:{}
[2021-07-30T15:23:46.292] [INFO] info - get params:{"pageNum":"1","pageSize":"10","state":"0"}
[2021-07-30T15:23:46.293] [INFO] info - post params:{}
[2021-07-30T15:24:18.318] [INFO] info - get params:{"pageNum":"1","pageSize":"10","state":"0"}
[2021-07-30T15:24:18.319] [INFO] info - post params:{}
[2021-07-30T15:31:53.303] [INFO] info - get params:{"pageNum":"1","pageSize":"10","state":"0"}
[2021-07-30T15:31:53.303] [INFO] info - post params:{}
[2021-07-30T15:32:31.004] [INFO] info - get params:{"pageNum":"1","pageSize":"10","state":"0"}
[2021-07-30T15:32:31.005] [INFO] info - post params:{}
[2021-07-30T15:32:41.427] [INFO] info - get params:{"pageNum":"1","pageSize":"10","state":"0"}
[2021-07-30T15:32:41.428] [INFO] info - post params:{}
[2021-07-30T15:34:31.156] [INFO] info - get params:{"pageNum":"1","pageSize":"10","state":"0"}
[2021-07-30T15:34:31.157] [INFO] info - post params:{}
[2021-07-30T15:34:37.993] [INFO] info - get params:{"pageNum":"1","pageSize":"10","total":"1","state":"0"}
[2021-07-30T15:34:37.993] [INFO] info - post params:{}
[2021-07-30T15:35:02.498] [INFO] info - get params:{"pageNum":"1","pageSize":"10","state":"0"}
[2021-07-30T15:35:02.498] [INFO] info - post params:{}
[2021-07-30T15:35:06.804] [INFO] info - get params:{"pageNum":"1","pageSize":"10","state":"0"}
[2021-07-30T15:35:06.804] [INFO] info - post params:{}
[2021-07-30T15:35:07.946] [INFO] info - get params:{"pageNum":"1","pageSize":"10","state":"0"}
[2021-07-30T15:35:07.947] [INFO] info - post params:{}
[2021-07-30T15:51:14.963] [INFO] info - ***数据库连接成功***
[2021-07-30T15:51:44.262] [INFO] info - ***数据库连接成功***
[2021-07-30T15:52:06.380] [INFO] info - get params:{"pageNum":"1","pageSize":"10","total":"1","state":"0"}
[2021-07-30T15:52:06.381] [INFO] info - post params:{}
[2021-07-30T15:52:22.633] [INFO] info - get params:{"pageNum":"1","pageSize":"10","state":"0"}
[2021-07-30T15:52:22.633] [INFO] info - post params:{}
[2021-07-30T15:53:17.899] [INFO] info - get params:{"pageNum":"1","pageSize":"10","state":"0"}
[2021-07-30T15:53:17.900] [INFO] info - post params:{}
[2021-07-30T15:53:21.579] [INFO] info - get params:{"pageNum":"1","pageSize":"10","state":"0"}
[2021-07-30T15:53:21.580] [INFO] info - post params:{}
[2021-07-30T15:53:40.679] [INFO] info - get params:{"pageNum":"1","pageSize":"10","state":"0"}
[2021-07-30T15:53:40.680] [INFO] info - post params:{}
[2021-07-30T15:53:51.963] [INFO] info - get params:{}
[2021-07-30T15:53:51.963] [INFO] info - post params:{"userName":"admin","userPwd":123}
[2021-07-30T15:53:55.832] [INFO] info - get params:{"pageNum":"1","pageSize":"10","state":"0"}
[2021-07-30T15:53:55.832] [INFO] info - post params:{}
[2021-07-30T15:54:00.221] [INFO] info - get params:{"pageNum":"1","pageSize":"10","total":"1","state":"0"}
[2021-07-30T15:54:00.222] [INFO] info - post params:{}
[2021-07-30T15:54:35.286] [INFO] info - get params:{"pageNum":"1","pageSize":"10","total":"1","state":"0"}
[2021-07-30T15:54:35.287] [INFO] info - post params:{}
[2021-07-30T15:54:35.642] [INFO] info - get params:{"pageNum":"1","pageSize":"10","total":"1","state":"0"}
[2021-07-30T15:54:35.643] [INFO] info - post params:{}
[2021-07-30T15:55:00.559] [INFO] info - ***数据库连接成功***
[2021-07-30T15:55:09.671] [INFO] info - get params:{"pageNum":"1","pageSize":"10","total":"1","state":"0"}
[2021-07-30T15:55:09.672] [INFO] info - post params:{}
