[2021-07-30T16:00:52.510] [INFO] info - ***数据库连接成功***
[2021-07-30T16:01:00.208] [INFO] info - get params:{"pageNum":"1","pageSize":"10","total":"1","state":"0"}
[2021-07-30T16:01:00.209] [INFO] info - post params:{}
[2021-07-30T16:01:17.187] [INFO] info - get params:{"pageNum":"1","pageSize":"10","total":"1","state":"0"}
[2021-07-30T16:01:17.188] [INFO] info - post params:{}
[2021-07-30T16:01:18.683] [INFO] info - get params:{"pageNum":"1","pageSize":"10","total":"1","state":"0"}
[2021-07-30T16:01:18.684] [INFO] info - post params:{}
[2021-07-30T16:01:21.711] [INFO] info - get params:{"pageNum":"1","pageSize":"10","state":"0"}
[2021-07-30T16:01:21.712] [INFO] info - post params:{}
[2021-07-30T16:01:48.500] [INFO] info - ***数据库连接成功***
[2021-07-30T16:01:59.580] [INFO] info - get params:{"pageNum":"1","pageSize":"10","total":"1","state":"0"}
[2021-07-30T16:01:59.582] [INFO] info - post params:{}
[2021-07-30T16:02:01.243] [INFO] info - get params:{"pageNum":"1","pageSize":"10","total":"1","state":"0"}
[2021-07-30T16:02:01.244] [INFO] info - post params:{}
[2021-07-30T16:02:13.667] [INFO] info - get params:{"pageNum":"1","pageSize":"10","state":"0"}
[2021-07-30T16:02:13.668] [INFO] info - post params:{}
[2021-07-30T16:02:15.886] [INFO] info - get params:{}
[2021-07-30T16:02:15.887] [INFO] info - post params:{"userIds":[1000002]}
[2021-07-30T16:03:44.378] [INFO] info - ***数据库连接成功***
[2021-07-30T16:04:02.780] [INFO] info - get params:{}
[2021-07-30T16:04:02.781] [INFO] info - post params:{"userIds":[1000002]}
[2021-07-30T16:05:43.379] [INFO] info - get params:{}
[2021-07-30T16:05:43.379] [INFO] info - post params:{"userIds":[1000002]}
[2021-07-30T16:05:43.766] [INFO] info - get params:{}
[2021-07-30T16:05:43.766] [INFO] info - post params:{"userIds":[1000002]}
[2021-07-30T16:05:44.752] [INFO] info - get params:{}
[2021-07-30T16:05:44.752] [INFO] info - post params:{"userIds":[1000002]}
[2021-07-30T16:05:54.127] [INFO] info - get params:{"pageNum":"1","pageSize":"10","total":"1","state":"0"}
[2021-07-30T16:05:54.128] [INFO] info - post params:{}
[2021-07-30T16:05:55.582] [INFO] info - get params:{"pageNum":"1","pageSize":"10","total":"1","state":"0"}
[2021-07-30T16:05:55.583] [INFO] info - post params:{}
[2021-07-30T16:08:06.534] [INFO] info - get params:{}
[2021-07-30T16:08:06.535] [INFO] info - post params:{"userIds":[1000002]}
[2021-07-30T16:08:07.367] [INFO] info - get params:{}
[2021-07-30T16:08:07.368] [INFO] info - post params:{"userIds":[1000002]}
[2021-07-30T16:08:08.380] [INFO] info - get params:{}
[2021-07-30T16:08:08.380] [INFO] info - post params:{"userIds":[1000002]}
[2021-07-30T16:08:52.965] [INFO] info - get params:{}
[2021-07-30T16:08:52.965] [INFO] info - post params:{"userIds":[1000002]}
[2021-07-30T16:09:41.271] [INFO] info - get params:{}
[2021-07-30T16:09:41.271] [INFO] info - post params:{"userIds":[1000002]}
[2021-07-30T16:09:56.369] [INFO] info - get params:{}
[2021-07-30T16:09:56.370] [INFO] info - post params:{"userIds":[1000002]}
[2021-07-30T16:10:09.971] [INFO] info - get params:{}
[2021-07-30T16:10:09.971] [INFO] info - post params:{"userIds":[1000002]}
[2021-07-30T16:10:25.096] [INFO] info - get params:{}
[2021-07-30T16:10:25.097] [INFO] info - post params:{"userIds":[1000002]}
[2021-07-30T16:12:18.001] [INFO] info - ***数据库连接成功***
[2021-07-30T16:12:18.004] [INFO] info - get params:{"pageNum":"1","pageSize":"10","state":"0"}
[2021-07-30T16:12:18.005] [INFO] info - post params:{}
[2021-07-30T16:12:27.305] [INFO] info - get params:{"pageNum":"1","pageSize":"10","state":"0"}
[2021-07-30T16:12:27.305] [INFO] info - post params:{}
[2021-07-30T16:12:51.200] [INFO] info - get params:{"pageNum":"1","pageSize":"10","state":"0"}
[2021-07-30T16:12:51.201] [INFO] info - post params:{}
[2021-07-30T16:12:52.510] [INFO] info - get params:{"pageNum":"1","pageSize":"10","state":"0"}
[2021-07-30T16:12:52.512] [INFO] info - post params:{}
[2021-07-30T16:13:06.665] [INFO] info - get params:{}
[2021-07-30T16:13:06.665] [INFO] info - post params:{"userIds":[1000002]}
[2021-07-30T16:15:03.767] [INFO] info - get params:{}
[2021-07-30T16:15:03.767] [INFO] info - post params:{"userIds":[1000002]}
[2021-07-30T16:15:07.508] [INFO] info - get params:{}
[2021-07-30T16:15:07.509] [INFO] info - post params:{"userIds":[1000002]}
[2021-07-30T16:15:17.486] [INFO] info - ***数据库连接成功***
[2021-07-30T16:15:21.450] [INFO] info - get params:{}
[2021-07-30T16:15:21.451] [INFO] info - post params:{"userIds":[1000002]}
[2021-07-30T16:16:17.941] [INFO] info - get params:{"pageNum":"1","pageSize":"10","state":"0"}
[2021-07-30T16:16:17.942] [INFO] info - post params:{}
[2021-07-30T16:16:52.243] [INFO] info - ***数据库连接成功***
[2021-07-30T16:17:20.191] [INFO] info - get params:{"pageNum":"1","pageSize":"10","total":"2","state":"0"}
[2021-07-30T16:17:20.192] [INFO] info - post params:{}
[2021-07-30T16:17:24.444] [INFO] info - get params:{}
[2021-07-30T16:17:24.445] [INFO] info - post params:{"userIds":[1000002]}
[2021-07-30T16:17:29.263] [INFO] info - get params:{"pageNum":"1","pageSize":"10","state":"0"}
[2021-07-30T16:17:29.264] [INFO] info - post params:{}
[2021-07-30T16:17:33.382] [INFO] info - ***数据库连接成功***
[2021-07-30T16:17:36.105] [INFO] info - get params:{}
[2021-07-30T16:17:36.105] [INFO] info - post params:{"userIds":[1000002]}
[2021-07-30T16:17:59.183] [INFO] info - get params:{}
[2021-07-30T16:17:59.185] [INFO] info - post params:{"userIds":[1000002]}
[2021-07-30T16:18:02.308] [INFO] info - get params:{"pageNum":"1","pageSize":"10","state":"0"}
[2021-07-30T16:18:02.308] [INFO] info - post params:{}
[2021-07-30T16:18:03.951] [INFO] info - get params:{}
[2021-07-30T16:18:03.951] [INFO] info - post params:{"userIds":[1000003]}
[2021-07-30T16:18:08.707] [INFO] info - ***数据库连接成功***
[2021-07-30T16:18:12.093] [INFO] info - get params:{}
[2021-07-30T16:18:12.094] [INFO] info - post params:{"userIds":[1000002]}
[2021-07-30T16:18:42.701] [INFO] info - ***数据库连接成功***
[2021-07-30T16:18:43.234] [INFO] info - get params:{}
[2021-07-30T16:18:43.235] [INFO] info - post params:{"userIds":[1000003]}
[2021-07-30T16:19:25.704] [INFO] info - ***数据库连接成功***
[2021-07-30T16:19:29.400] [INFO] info - get params:{}
[2021-07-30T16:19:29.400] [INFO] info - post params:{"userIds":[1000003]}
[2021-07-30T16:20:17.210] [INFO] info - ***数据库连接成功***
[2021-07-30T16:20:24.460] [INFO] info - get params:{"pageNum":"1","pageSize":"10","total":"2","state":"0"}
[2021-07-30T16:20:24.461] [INFO] info - post params:{}
[2021-07-30T16:20:26.380] [INFO] info - get params:{"pageNum":"1","pageSize":"10","total":"2","state":"0"}
[2021-07-30T16:20:26.381] [INFO] info - post params:{}
[2021-07-30T16:20:48.280] [INFO] info - ***数据库连接成功***
[2021-07-30T16:20:50.538] [INFO] info - get params:{}
[2021-07-30T16:20:50.539] [INFO] info - post params:{"userIds":[1000002]}
[2021-07-30T16:21:10.854] [INFO] info - get params:{}
[2021-07-30T16:21:10.855] [INFO] info - post params:{"userIds":[1000003]}
[2021-07-30T16:21:13.027] [INFO] info - get params:{"pageNum":"1","pageSize":"10","total":"2","state":"0"}
[2021-07-30T16:21:13.028] [INFO] info - post params:{}
[2021-07-30T16:21:14.398] [INFO] info - get params:{"pageNum":"1","pageSize":"10","total":"2","state":"0"}
[2021-07-30T16:21:14.399] [INFO] info - post params:{}
[2021-07-30T16:21:46.220] [INFO] info - get params:{}
[2021-07-30T16:21:46.220] [INFO] info - post params:{"userIds":[1000002]}
[2021-07-30T16:21:52.011] [INFO] info - get params:{"pageNum":"1","pageSize":"10","total":"2","state":"0"}
[2021-07-30T16:21:52.012] [INFO] info - post params:{}
[2021-07-30T16:21:56.196] [INFO] info - get params:{}
[2021-07-30T16:21:56.196] [INFO] info - post params:{"userIds":[1000003]}
[2021-07-30T16:21:58.113] [INFO] info - get params:{"pageNum":"1","pageSize":"10","total":"2","state":"0"}
[2021-07-30T16:21:58.114] [INFO] info - post params:{}
[2021-07-30T16:22:20.521] [INFO] info - get params:{}
[2021-07-30T16:22:20.521] [INFO] info - post params:{"userIds":[1000003]}
[2021-07-30T16:23:26.632] [INFO] info - get params:{}
[2021-07-30T16:23:26.632] [INFO] info - post params:{"userIds":[1000003]}
[2021-07-30T16:23:26.639] [INFO] info - ***数据库连接成功***
[2021-07-30T16:23:32.910] [INFO] info - get params:{}
[2021-07-30T16:23:32.911] [INFO] info - post params:{"userIds":[1000003]}
[2021-07-30T16:23:40.580] [INFO] info - ***数据库连接成功***
[2021-07-30T16:24:09.474] [INFO] info - get params:{}
[2021-07-30T16:24:09.476] [INFO] info - post params:{"userIds":[1000003]}
[2021-07-30T16:24:30.859] [INFO] info - get params:{"pageNum":"1","pageSize":"10","total":"2","state":"0"}
[2021-07-30T16:24:30.860] [INFO] info - post params:{}
[2021-07-30T16:24:31.678] [INFO] info - get params:{"pageNum":"1","pageSize":"10","total":"2","state":"0"}
[2021-07-30T16:24:31.679] [INFO] info - post params:{}
[2021-07-30T16:24:31.943] [INFO] info - get params:{"pageNum":"1","pageSize":"10","total":"2","state":"0"}
[2021-07-30T16:24:31.944] [INFO] info - post params:{}
[2021-07-30T16:24:32.937] [INFO] info - get params:{}
[2021-07-30T16:24:32.938] [INFO] info - post params:{"userIds":[1000002]}
[2021-07-30T16:24:42.739] [INFO] info - get params:{"pageNum":"1","pageSize":"10","total":"2","state":"0"}
[2021-07-30T16:24:42.740] [INFO] info - post params:{}
[2021-07-30T16:26:09.140] [INFO] info - get params:{"pageNum":"1","pageSize":"10","state":"0"}
[2021-07-30T16:26:09.140] [INFO] info - post params:{}
[2021-07-30T16:26:12.122] [INFO] info - get params:{"pageNum":"1","pageSize":"10","total":"2","state":"1"}
[2021-07-30T16:26:12.123] [INFO] info - post params:{}
[2021-07-30T16:26:14.195] [INFO] info - get params:{"pageNum":"1","pageSize":"10","total":"0","state":"0"}
[2021-07-30T16:26:14.195] [INFO] info - post params:{}
[2021-07-30T17:24:41.358] [INFO] info - ***数据库连接成功***
[2021-07-30T17:24:53.415] [INFO] info - get params:{}
[2021-07-30T17:24:53.416] [INFO] info - post params:{"state":3,"roleList":[],"userName":"11","userEmail":"11@gonwe.com@gonwe.com","deptId":["60167059c9027b7d2c520a61","6016728fc6a4417f2d27506e","60167621531124822b79e124"],"action":{"_rawValue":"add","_shallow":false,"__v_isRef":true,"_value":"add"}}
[2021-07-30T17:25:04.132] [INFO] info - ***数据库连接成功***
[2021-07-30T17:25:31.449] [INFO] info - get params:{"pageNum":"1","pageSize":"10","state":"0"}
[2021-07-30T17:25:31.449] [INFO] info - post params:{}
[2021-07-30T17:25:39.658] [INFO] info - get params:{}
[2021-07-30T17:25:39.659] [INFO] info - post params:{"state":3,"roleList":[],"userName":"1","userEmail":"1@gonwe.com","deptId":["60167059c9027b7d2c520a61"],"action":{"_rawValue":"add","_shallow":false,"__v_isRef":true,"_value":"add"}}
[2021-07-30T17:26:31.913] [INFO] info - get params:{"pageNum":"1","pageSize":"10","state":"0"}
[2021-07-30T17:26:31.913] [INFO] info - post params:{}
[2021-07-30T17:26:31.917] [INFO] info - ***数据库连接成功***
[2021-07-30T17:26:38.037] [INFO] info - get params:{}
[2021-07-30T17:26:38.037] [INFO] info - post params:{"state":3,"roleList":[],"userName":"1","userEmail":"1@gonwe.com","deptId":["60167059c9027b7d2c520a61"],"action":"add"}
[2021-07-30T17:27:16.882] [INFO] info - ***数据库连接成功***
[2021-07-30T17:45:33.777] [INFO] info - ***数据库连接成功***
[2021-07-30T17:45:38.048] [INFO] info - get params:{}
[2021-07-30T17:45:38.049] [INFO] info - post params:{"state":1,"roleList":["60180b5eb1eaed6c45fbebdd"],"userName":"admin","userEmail":"admin@gonwe.com@gonwe.com","deptId":["60167059c9027b7d2c520a61","6016735ac6a4417f2d275071"],"action":"add"}
[2021-07-30T17:46:37.982] [INFO] info - ***数据库连接成功***
[2021-07-30T17:46:40.380] [INFO] info - get params:{}
[2021-07-30T17:46:40.381] [INFO] info - post params:{"state":1,"roleList":["60180b5eb1eaed6c45fbebdd"],"userName":"admin","userEmail":"admin@gonwe.com@gonwe.com@gonwe.com","deptId":["60167059c9027b7d2c520a61","6016735ac6a4417f2d275071"],"action":"add"}
[2021-07-30T17:48:34.935] [INFO] info - ***数据库连接成功***
[2021-07-30T17:48:38.683] [INFO] info - get params:{}
[2021-07-30T17:48:38.684] [INFO] info - post params:{"state":1,"roleList":["60180b5eb1eaed6c45fbebdd"],"userName":"admin","userEmail":"admin@gonwe.com@gonwe.com@gonwe.com@gonwe.com","deptId":["60167059c9027b7d2c520a61","6016735ac6a4417f2d275071"],"action":"add"}
[2021-07-30T17:51:39.887] [INFO] info - ***数据库连接成功***
[2021-07-30T17:51:50.583] [INFO] info - get params:{}
[2021-07-30T17:51:50.584] [INFO] info - post params:{"state":3,"roleList":[],"deptId":["60167059c9027b7d2c520a61","6016734ec6a4417f2d275070"],"role":0,"createTime":"2021-01-17T13:32:06.381Z","lastLoginTime":"2021-01-17T13:32:06.381Z","userId":1000002,"userName":"ffff","userEmail":"ff@gonwe.com","__v":0,"action":"add"}
[2021-07-30T17:53:22.491] [INFO] info - get params:{}
[2021-07-30T17:53:22.491] [INFO] info - post params:{"state":3,"roleList":[],"deptId":["60167059c9027b7d2c520a61","6016734ec6a4417f2d275070"],"role":0,"createTime":"2021-01-17T13:32:06.381Z","lastLoginTime":"2021-01-17T13:32:06.381Z","userId":1000002,"userName":"ffff","userEmail":"ff@gonwe.com@gonwe.com","__v":0,"action":"add"}
[2021-07-30T17:53:24.478] [INFO] info - ***数据库连接成功***
[2021-07-30T17:53:27.406] [INFO] info - get params:{"pageNum":"1","pageSize":"10","total":"2","state":"0"}
[2021-07-30T17:53:27.407] [INFO] info - post params:{}
[2021-07-30T17:53:45.446] [INFO] info - get params:{"pageNum":"1","pageSize":"10","total":"2","state":"0"}
[2021-07-30T17:53:45.447] [INFO] info - post params:{}
[2021-07-30T17:58:56.167] [INFO] info - get params:{}
[2021-07-30T17:58:56.167] [INFO] info - post params:{"state":3,"roleList":[],"deptId":["60167059c9027b7d2c520a61","60167375c6a4417f2d275072"],"role":0,"createTime":"2021-01-17T13:32:06.381Z","lastLoginTime":"2021-01-17T13:32:06.381Z","userId":1000002,"userName":"1211","userEmail":"22121@gonwe.com","__v":0,"action":"add"}
[2021-07-30T17:59:23.120] [INFO] info - get params:{}
[2021-07-30T17:59:23.120] [INFO] info - post params:{"state":3,"roleList":[],"deptId":["60167059c9027b7d2c520a61","60167375c6a4417f2d275072"],"role":0,"createTime":"2021-01-17T13:32:06.381Z","lastLoginTime":"2021-01-17T13:32:06.381Z","userId":1000002,"userName":"1211","userEmail":"22121@gonwe.com@gonwe.com","__v":0,"action":"add"}
[2021-07-30T17:59:27.204] [INFO] info - get params:{"pageNum":"1","pageSize":"10","total":"2","state":"0"}
[2021-07-30T17:59:27.205] [INFO] info - post params:{}
[2021-07-30T17:59:35.009] [INFO] info - get params:{"pageNum":"1","pageSize":"10","total":"2","state":"0"}
[2021-07-30T17:59:35.010] [INFO] info - post params:{}
[2021-07-30T18:01:36.455] [INFO] info - get params:{}
[2021-07-30T18:01:36.455] [INFO] info - post params:{"state":3,"roleList":[],"deptId":["60167059c9027b7d2c520a61","60167345c6a4417f2d27506f"],"role":0,"createTime":"2021-01-17T13:32:06.381Z","lastLoginTime":"2021-01-17T13:32:06.381Z","userId":1000002,"userName":"111","userEmail":"111@gonwe.com","__v":0,"action":"add"}
[2021-07-30T18:02:04.242] [INFO] info - get params:{}
[2021-07-30T18:02:04.242] [INFO] info - post params:{"state":3,"roleList":[],"deptId":["60167059c9027b7d2c520a61","60167345c6a4417f2d27506f"],"role":0,"createTime":"2021-01-17T13:32:06.381Z","lastLoginTime":"2021-01-17T13:32:06.381Z","userId":1000002,"userName":"111","userEmail":"111@gonwe.com@gonwe.com","__v":0,"action":"add"}
[2021-07-30T18:02:07.072] [INFO] info - get params:{"pageNum":"1","pageSize":"10","total":"2","state":"0"}
[2021-07-30T18:02:07.073] [INFO] info - post params:{}
[2021-07-30T18:02:13.209] [INFO] info - get params:{"pageNum":"1","pageSize":"10","total":"2","state":"0"}
[2021-07-30T18:02:13.209] [INFO] info - post params:{}
[2021-07-30T18:07:38.396] [INFO] info - get params:{}
[2021-07-30T18:07:38.396] [INFO] info - post params:{"state":3,"roleList":[],"deptId":["60167059c9027b7d2c520a61"],"role":0,"createTime":"2021-01-17T13:32:06.381Z","lastLoginTime":"2021-01-17T13:32:06.381Z","userId":1000002,"userName":"111","userEmail":"1111@gonwe.com","__v":0,"action":"add"}
[2021-07-30T18:08:01.109] [INFO] info - get params:{"pageNum":"1","pageSize":"10","state":"0"}
[2021-07-30T18:08:01.109] [INFO] info - post params:{}
[2021-07-30T18:08:02.548] [INFO] info - get params:{"pageNum":"1","pageSize":"10","state":"0"}
[2021-07-30T18:08:02.549] [INFO] info - post params:{}
[2021-07-30T18:08:18.766] [INFO] info - get params:{}
[2021-07-30T18:08:18.767] [INFO] info - post params:{"state":3,"roleList":[],"userName":"11","userEmail":"111@gonwe.com","deptId":["60167059c9027b7d2c520a61"],"action":"add"}
[2021-07-30T18:08:19.034] [INFO] info - get params:{"pageNum":"1","pageSize":"10","total":"2","state":"0"}
[2021-07-30T18:08:19.035] [INFO] info - post params:{}
[2021-07-30T18:08:21.298] [INFO] info - get params:{"pageNum":"1","pageSize":"10","total":"2","state":"0"}
[2021-07-30T18:08:21.299] [INFO] info - post params:{}
[2021-07-30T18:08:22.095] [INFO] info - get params:{"pageNum":"1","pageSize":"10","total":"2","state":"0"}
[2021-07-30T18:08:22.096] [INFO] info - post params:{}
[2021-07-30T18:11:40.240] [INFO] info - get params:{}
[2021-07-30T18:11:40.240] [INFO] info - post params:{"state":3,"roleList":[],"userName":"111","userEmail":"111@gonwe.com","deptId":["60167059c9027b7d2c520a61","6016728fc6a4417f2d27506e"],"action":"add"}
[2021-07-30T18:12:08.337] [INFO] info - ***数据库连接成功***
[2021-07-30T18:16:09.397] [INFO] info - get params:{}
[2021-07-30T18:16:09.397] [INFO] info - post params:{"state":3,"roleList":[],"userName":"111","userEmail":"111@gonwe.com@gonwe.com","deptId":["60167059c9027b7d2c520a61","6016728fc6a4417f2d27506e"],"action":"add"}
[2021-07-30T18:16:16.784] [INFO] info - get params:{}
[2021-07-30T18:16:16.785] [INFO] info - post params:{"userName":"admin","userPwd":123}
[2021-07-30T18:16:20.855] [INFO] info - get params:{"pageNum":"1","pageSize":"10","state":"0"}
[2021-07-30T18:16:20.856] [INFO] info - post params:{}
[2021-07-30T18:16:28.479] [INFO] info - get params:{}
[2021-07-30T18:16:28.480] [INFO] info - post params:{"state":3,"roleList":[],"userName":"111","userEmail":"111@gonwe.com","deptId":["60167059c9027b7d2c520a61","6016735ac6a4417f2d275071"],"action":"add"}
[2021-07-30T18:16:55.947] [INFO] info - get params:{}
[2021-07-30T18:16:55.947] [INFO] info - post params:{"state":3,"roleList":[],"userName":"111","userEmail":"111@gonwe.com@gonwe.com","deptId":["60167059c9027b7d2c520a61","6016735ac6a4417f2d275071"],"action":"add"}
[2021-07-30T18:16:55.951] [INFO] info - ***数据库连接成功***
[2021-07-30T18:16:58.479] [INFO] info - get params:{"pageNum":"1","pageSize":"10","total":"2","state":"0"}
[2021-07-30T18:16:58.480] [INFO] info - post params:{}
[2021-07-30T18:17:03.795] [INFO] info - get params:{"pageNum":"1","pageSize":"10","total":"2","state":"0"}
[2021-07-30T18:17:03.795] [INFO] info - post params:{}
[2021-07-30T18:17:04.078] [INFO] info - get params:{"pageNum":"1","pageSize":"10","total":"2","state":"0"}
[2021-07-30T18:17:04.079] [INFO] info - post params:{}
[2021-07-30T18:17:04.622] [INFO] info - get params:{"pageNum":"1","pageSize":"10","total":"2","state":"0"}
[2021-07-30T18:17:04.622] [INFO] info - post params:{}
[2021-07-30T18:17:04.889] [INFO] info - get params:{"pageNum":"1","pageSize":"10","total":"2","state":"0"}
[2021-07-30T18:17:04.890] [INFO] info - post params:{}
[2021-07-30T18:17:04.937] [INFO] info - get params:{"pageNum":"1","pageSize":"10","total":"2","state":"0"}
[2021-07-30T18:17:04.937] [INFO] info - post params:{}
[2021-07-30T18:21:25.031] [INFO] info - get params:{}
[2021-07-30T18:21:25.032] [INFO] info - post params:{"state":3,"roleList":[],"userName":"111","userEmail":"111@gonwe.com","deptId":["60167059c9027b7d2c520a61"],"action":"add"}
[2021-07-30T18:26:34.335] [INFO] info - get params:{}
[2021-07-30T18:26:34.335] [INFO] info - post params:{"state":3,"roleList":[],"userName":"111","userEmail":"111@gonwe.com@gonwe.com","deptId":["60167059c9027b7d2c520a61"],"action":"add"}
[2021-07-30T18:26:34.341] [INFO] info - ***数据库连接成功***
[2021-07-30T18:26:42.952] [INFO] info - ***数据库连接成功***
[2021-07-30T18:26:48.517] [INFO] info - get params:{}
[2021-07-30T18:26:48.518] [INFO] info - post params:{"state":3,"roleList":[],"userName":"111","userEmail":"111@gonwe.com@gonwe.com@gonwe.com@gonwe.com","deptId":["60167059c9027b7d2c520a61"],"action":"add"}
[2021-07-30T18:26:48.774] [INFO] info - get params:{"pageNum":"1","pageSize":"10","total":"2","state":"0"}
[2021-07-30T18:26:48.774] [INFO] info - post params:{}
[2021-07-30T18:26:53.637] [INFO] info - get params:{"pageNum":"1","pageSize":"10","total":"2","state":"0"}
[2021-07-30T18:26:53.637] [INFO] info - post params:{}
[2021-07-30T18:26:55.207] [INFO] info - get params:{"pageNum":"1","pageSize":"10","total":"2","state":"0"}
[2021-07-30T18:26:55.208] [INFO] info - post params:{}
[2021-07-30T18:31:22.545] [INFO] info - ***数据库连接成功***
[2021-07-30T18:31:32.228] [INFO] info - get params:{}
[2021-07-30T18:31:32.229] [INFO] info - post params:{"action":"add","deptId":["60167059c9027b7d2c520a61","60167345c6a4417f2d27506f"],"job":"前端工程师","mobile":"18198320843","roleList":["60180b07b1eaed6c45fbebdb"],"state":3,"userEmail":"user@gonwe.com","userName":"user"}
[2021-07-30T18:32:32.998] [INFO] info - get params:{}
[2021-07-30T18:32:32.999] [INFO] info - post params:{"action":"add","deptId":["60167059c9027b7d2c520a61","60167345c6a4417f2d27506f"],"job":"前端工程师","mobile":"18198320843","roleList":["60180b07b1eaed6c45fbebdb"],"state":3,"userEmail":"user@gonwe.com","userName":"user"}
[2021-07-30T18:32:33.005] [INFO] info - ***数据库连接成功***
[2021-07-30T18:32:43.057] [INFO] info - ***数据库连接成功***
[2021-07-30T18:32:48.453] [INFO] info - get params:{}
[2021-07-30T18:32:48.454] [INFO] info - post params:{"action":"add","deptId":["60167059c9027b7d2c520a61","60167345c6a4417f2d27506f"],"job":"前端工程师","mobile":"18198320843","roleList":["60180b07b1eaed6c45fbebdb"],"state":3,"userEmail":"user@gonwe.com","userName":"user"}
[2021-07-30T18:34:17.290] [INFO] info - get params:{}
[2021-07-30T18:34:17.291] [INFO] info - post params:{"state":3,"roleList":[],"userName":"user1","userEmail":"11@gonwe.com","deptId":["60167059c9027b7d2c520a61","6016728fc6a4417f2d27506e"],"action":"add"}
[2021-07-30T18:34:17.555] [INFO] info - get params:{"pageNum":"1","pageSize":"10","total":"2","state":"0"}
[2021-07-30T18:34:17.555] [INFO] info - post params:{}
[2021-07-30T18:35:20.848] [INFO] info - get params:{}
[2021-07-30T18:35:20.848] [INFO] info - post params:{"userIds":[1000003]}
